[14-Oct-2016 14:41:13 UTC] PHP Warning:  date(): It is not safe to rely on the system's timezone settings. You are *required* to use the date.timezone setting or the date_default_timezone_set() function. In case you used any of those methods and you are still getting this warning, you most likely misspelled the timezone identifier. We selected the timezone 'UTC' for now, but please set date.timezone to select your timezone. in /Library/WebServer/Documents/money/vendor/propel/propel/src/Propel/Generator/Manager/MigrationManager.php on line 314
[14-Oct-2016 14:41:13 UTC] PHP Stack trace:
[14-Oct-2016 14:41:13 UTC] PHP   1. {main}() /Library/WebServer/Documents/money/vendor/propel/propel/bin/propel:0
[14-Oct-2016 14:41:13 UTC] PHP   2. require() /Library/WebServer/Documents/money/vendor/propel/propel/bin/propel:4
[14-Oct-2016 14:41:13 UTC] PHP   3. Symfony\Component\Console\Application->run() /Library/WebServer/Documents/money/vendor/propel/propel/bin/propel.php:30
[14-Oct-2016 14:41:13 UTC] PHP   4. Propel\Generator\Application->doRun() /Library/WebServer/Documents/money/vendor/symfony/console/Application.php:118
[14-Oct-2016 14:41:13 UTC] PHP   5. Symfony\Component\Console\Application->doRun() /Library/WebServer/Documents/money/vendor/propel/propel/src/Propel/Generator/Application.php:17
[14-Oct-2016 14:41:13 UTC] PHP   6. Symfony\Component\Console\Application->doRunCommand() /Library/WebServer/Documents/money/vendor/symfony/console/Application.php:187
[14-Oct-2016 14:41:13 UTC] PHP   7. Symfony\Component\Console\Command\Command->run() /Library/WebServer/Documents/money/vendor/symfony/console/Application.php:820
[14-Oct-2016 14:41:13 UTC] PHP   8. Propel\Generator\Command\MigrationDiffCommand->execute() /Library/WebServer/Documents/money/vendor/symfony/console/Command/Command.php:256
[14-Oct-2016 14:41:13 UTC] PHP   9. Propel\Generator\Manager\MigrationManager->getMigrationClassBody() /Library/WebServer/Documents/money/vendor/propel/propel/src/Propel/Generator/Command/MigrationDiffCommand.php:220
[14-Oct-2016 14:41:13 UTC] PHP  10. date() /Library/WebServer/Documents/money/vendor/propel/propel/src/Propel/Generator/Manager/MigrationManager.php:314
[14-Oct-2016 14:42:45 UTC] PHP Warning:  date(): It is not safe to rely on the system's timezone settings. You are *required* to use the date.timezone setting or the date_default_timezone_set() function. In case you used any of those methods and you are still getting this warning, you most likely misspelled the timezone identifier. We selected the timezone 'UTC' for now, but please set date.timezone to select your timezone. in /Library/WebServer/Documents/money/vendor/propel/propel/src/Propel/Generator/Manager/MigrationManager.php on line 314
[14-Oct-2016 14:42:45 UTC] PHP Stack trace:
[14-Oct-2016 14:42:45 UTC] PHP   1. {main}() /Library/WebServer/Documents/money/vendor/propel/propel/bin/propel:0
[14-Oct-2016 14:42:45 UTC] PHP   2. require() /Library/WebServer/Documents/money/vendor/propel/propel/bin/propel:4
[14-Oct-2016 14:42:45 UTC] PHP   3. Symfony\Component\Console\Application->run() /Library/WebServer/Documents/money/vendor/propel/propel/bin/propel.php:30
[14-Oct-2016 14:42:45 UTC] PHP   4. Propel\Generator\Application->doRun() /Library/WebServer/Documents/money/vendor/symfony/console/Application.php:118
[14-Oct-2016 14:42:45 UTC] PHP   5. Symfony\Component\Console\Application->doRun() /Library/WebServer/Documents/money/vendor/propel/propel/src/Propel/Generator/Application.php:17
[14-Oct-2016 14:42:45 UTC] PHP   6. Symfony\Component\Console\Application->doRunCommand() /Library/WebServer/Documents/money/vendor/symfony/console/Application.php:187
[14-Oct-2016 14:42:45 UTC] PHP   7. Symfony\Component\Console\Command\Command->run() /Library/WebServer/Documents/money/vendor/symfony/console/Application.php:820
[14-Oct-2016 14:42:45 UTC] PHP   8. Propel\Generator\Command\MigrationDiffCommand->execute() /Library/WebServer/Documents/money/vendor/symfony/console/Command/Command.php:256
[14-Oct-2016 14:42:45 UTC] PHP   9. Propel\Generator\Manager\MigrationManager->getMigrationClassBody() /Library/WebServer/Documents/money/vendor/propel/propel/src/Propel/Generator/Command/MigrationDiffCommand.php:220
[14-Oct-2016 14:42:45 UTC] PHP  10. date() /Library/WebServer/Documents/money/vendor/propel/propel/src/Propel/Generator/Manager/MigrationManager.php:314
[14-Oct-2016 15:20:06 UTC] PHP Warning:  date(): It is not safe to rely on the system's timezone settings. You are *required* to use the date.timezone setting or the date_default_timezone_set() function. In case you used any of those methods and you are still getting this warning, you most likely misspelled the timezone identifier. We selected the timezone 'UTC' for now, but please set date.timezone to select your timezone. in /Library/WebServer/Documents/money/vendor/propel/propel/src/Propel/Generator/Manager/MigrationManager.php on line 314
[14-Oct-2016 15:20:06 UTC] PHP Stack trace:
[14-Oct-2016 15:20:06 UTC] PHP   1. {main}() /Library/WebServer/Documents/money/vendor/propel/propel/bin/propel:0
[14-Oct-2016 15:20:06 UTC] PHP   2. require() /Library/WebServer/Documents/money/vendor/propel/propel/bin/propel:4
[14-Oct-2016 15:20:06 UTC] PHP   3. Symfony\Component\Console\Application->run() /Library/WebServer/Documents/money/vendor/propel/propel/bin/propel.php:30
[14-Oct-2016 15:20:06 UTC] PHP   4. Propel\Generator\Application->doRun() /Library/WebServer/Documents/money/vendor/symfony/console/Application.php:118
[14-Oct-2016 15:20:06 UTC] PHP   5. Symfony\Component\Console\Application->doRun() /Library/WebServer/Documents/money/vendor/propel/propel/src/Propel/Generator/Application.php:17
[14-Oct-2016 15:20:06 UTC] PHP   6. Symfony\Component\Console\Application->doRunCommand() /Library/WebServer/Documents/money/vendor/symfony/console/Application.php:187
[14-Oct-2016 15:20:06 UTC] PHP   7. Symfony\Component\Console\Command\Command->run() /Library/WebServer/Documents/money/vendor/symfony/console/Application.php:820
[14-Oct-2016 15:20:06 UTC] PHP   8. Propel\Generator\Command\MigrationDiffCommand->execute() /Library/WebServer/Documents/money/vendor/symfony/console/Command/Command.php:256
[14-Oct-2016 15:20:06 UTC] PHP   9. Propel\Generator\Manager\MigrationManager->getMigrationClassBody() /Library/WebServer/Documents/money/vendor/propel/propel/src/Propel/Generator/Command/MigrationDiffCommand.php:220
[14-Oct-2016 15:20:06 UTC] PHP  10. date() /Library/WebServer/Documents/money/vendor/propel/propel/src/Propel/Generator/Manager/MigrationManager.php:314
[14-Oct-2016 15:35:47 UTC] PHP Warning:  require_once(/path/to/vendor/autoload.php): failed to open stream: No such file or directory in /Library/WebServer/Documents/money/generated-migrations/PropelMigration_1476458406.php on line 3
[14-Oct-2016 15:35:47 UTC] PHP Stack trace:
[14-Oct-2016 15:35:47 UTC] PHP   1. {main}() /Library/WebServer/Documents/money/vendor/propel/propel/bin/propel:0
[14-Oct-2016 15:35:47 UTC] PHP   2. require() /Library/WebServer/Documents/money/vendor/propel/propel/bin/propel:4
[14-Oct-2016 15:35:47 UTC] PHP   3. Symfony\Component\Console\Application->run() /Library/WebServer/Documents/money/vendor/propel/propel/bin/propel.php:30
[14-Oct-2016 15:35:47 UTC] PHP   4. Propel\Generator\Application->doRun() /Library/WebServer/Documents/money/vendor/symfony/console/Application.php:118
[14-Oct-2016 15:35:47 UTC] PHP   5. Symfony\Component\Console\Application->doRun() /Library/WebServer/Documents/money/vendor/propel/propel/src/Propel/Generator/Application.php:17
[14-Oct-2016 15:35:47 UTC] PHP   6. Symfony\Component\Console\Application->doRunCommand() /Library/WebServer/Documents/money/vendor/symfony/console/Application.php:187
[14-Oct-2016 15:35:47 UTC] PHP   7. Symfony\Component\Console\Command\Command->run() /Library/WebServer/Documents/money/vendor/symfony/console/Application.php:820
[14-Oct-2016 15:35:47 UTC] PHP   8. Propel\Generator\Command\MigrationDownCommand->execute() /Library/WebServer/Documents/money/vendor/symfony/console/Command/Command.php:256
[14-Oct-2016 15:35:47 UTC] PHP   9. Propel\Generator\Manager\MigrationManager->getMigrationObject() /Library/WebServer/Documents/money/vendor/propel/propel/src/Propel/Generator/Command/MigrationDownCommand.php:101
[14-Oct-2016 15:35:47 UTC] PHP  10. require_once() /Library/WebServer/Documents/money/vendor/propel/propel/src/Propel/Generator/Manager/MigrationManager.php:307
[14-Oct-2016 15:35:47 UTC] PHP Fatal error:  require_once(): Failed opening required '/path/to/vendor/autoload.php' (include_path='.:/usr/local/pear/share/pear') in /Library/WebServer/Documents/money/generated-migrations/PropelMigration_1476458406.php on line 3
[14-Oct-2016 15:35:47 UTC] PHP Stack trace:
[14-Oct-2016 15:35:47 UTC] PHP   1. {main}() /Library/WebServer/Documents/money/vendor/propel/propel/bin/propel:0
[14-Oct-2016 15:35:47 UTC] PHP   2. require() /Library/WebServer/Documents/money/vendor/propel/propel/bin/propel:4
[14-Oct-2016 15:35:47 UTC] PHP   3. Symfony\Component\Console\Application->run() /Library/WebServer/Documents/money/vendor/propel/propel/bin/propel.php:30
[14-Oct-2016 15:35:47 UTC] PHP   4. Propel\Generator\Application->doRun() /Library/WebServer/Documents/money/vendor/symfony/console/Application.php:118
[14-Oct-2016 15:35:47 UTC] PHP   5. Symfony\Component\Console\Application->doRun() /Library/WebServer/Documents/money/vendor/propel/propel/src/Propel/Generator/Application.php:17
[14-Oct-2016 15:35:47 UTC] PHP   6. Symfony\Component\Console\Application->doRunCommand() /Library/WebServer/Documents/money/vendor/symfony/console/Application.php:187
[14-Oct-2016 15:35:47 UTC] PHP   7. Symfony\Component\Console\Command\Command->run() /Library/WebServer/Documents/money/vendor/symfony/console/Application.php:820
[14-Oct-2016 15:35:47 UTC] PHP   8. Propel\Generator\Command\MigrationDownCommand->execute() /Library/WebServer/Documents/money/vendor/symfony/console/Command/Command.php:256
[14-Oct-2016 15:35:47 UTC] PHP   9. Propel\Generator\Manager\MigrationManager->getMigrationObject() /Library/WebServer/Documents/money/vendor/propel/propel/src/Propel/Generator/Command/MigrationDownCommand.php:101
[14-Oct-2016 15:35:47 UTC] PHP  10. require_once() /Library/WebServer/Documents/money/vendor/propel/propel/src/Propel/Generator/Manager/MigrationManager.php:307
[14-Oct-2016 15:35:52 UTC] PHP Warning:  require_once(/path/to/vendor/autoload.php): failed to open stream: No such file or directory in /Library/WebServer/Documents/money/generated-migrations/PropelMigration_1476458406.php on line 3
[14-Oct-2016 15:35:52 UTC] PHP Stack trace:
[14-Oct-2016 15:35:52 UTC] PHP   1. {main}() /Library/WebServer/Documents/money/vendor/propel/propel/bin/propel:0
[14-Oct-2016 15:35:52 UTC] PHP   2. require() /Library/WebServer/Documents/money/vendor/propel/propel/bin/propel:4
[14-Oct-2016 15:35:52 UTC] PHP   3. Symfony\Component\Console\Application->run() /Library/WebServer/Documents/money/vendor/propel/propel/bin/propel.php:30
[14-Oct-2016 15:35:52 UTC] PHP   4. Propel\Generator\Application->doRun() /Library/WebServer/Documents/money/vendor/symfony/console/Application.php:118
[14-Oct-2016 15:35:52 UTC] PHP   5. Symfony\Component\Console\Application->doRun() /Library/WebServer/Documents/money/vendor/propel/propel/src/Propel/Generator/Application.php:17
[14-Oct-2016 15:35:52 UTC] PHP   6. Symfony\Component\Console\Application->doRunCommand() /Library/WebServer/Documents/money/vendor/symfony/console/Application.php:187
[14-Oct-2016 15:35:52 UTC] PHP   7. Symfony\Component\Console\Command\Command->run() /Library/WebServer/Documents/money/vendor/symfony/console/Application.php:820
[14-Oct-2016 15:35:52 UTC] PHP   8. Propel\Generator\Command\MigrationDownCommand->execute() /Library/WebServer/Documents/money/vendor/symfony/console/Command/Command.php:256
[14-Oct-2016 15:35:52 UTC] PHP   9. Propel\Generator\Manager\MigrationManager->getMigrationObject() /Library/WebServer/Documents/money/vendor/propel/propel/src/Propel/Generator/Command/MigrationDownCommand.php:101
[14-Oct-2016 15:35:52 UTC] PHP  10. require_once() /Library/WebServer/Documents/money/vendor/propel/propel/src/Propel/Generator/Manager/MigrationManager.php:307
[14-Oct-2016 15:35:52 UTC] PHP Fatal error:  require_once(): Failed opening required '/path/to/vendor/autoload.php' (include_path='.:/usr/local/pear/share/pear') in /Library/WebServer/Documents/money/generated-migrations/PropelMigration_1476458406.php on line 3
[14-Oct-2016 15:35:52 UTC] PHP Stack trace:
[14-Oct-2016 15:35:52 UTC] PHP   1. {main}() /Library/WebServer/Documents/money/vendor/propel/propel/bin/propel:0
[14-Oct-2016 15:35:52 UTC] PHP   2. require() /Library/WebServer/Documents/money/vendor/propel/propel/bin/propel:4
[14-Oct-2016 15:35:52 UTC] PHP   3. Symfony\Component\Console\Application->run() /Library/WebServer/Documents/money/vendor/propel/propel/bin/propel.php:30
[14-Oct-2016 15:35:52 UTC] PHP   4. Propel\Generator\Application->doRun() /Library/WebServer/Documents/money/vendor/symfony/console/Application.php:118
[14-Oct-2016 15:35:52 UTC] PHP   5. Symfony\Component\Console\Application->doRun() /Library/WebServer/Documents/money/vendor/propel/propel/src/Propel/Generator/Application.php:17
[14-Oct-2016 15:35:52 UTC] PHP   6. Symfony\Component\Console\Application->doRunCommand() /Library/WebServer/Documents/money/vendor/symfony/console/Application.php:187
[14-Oct-2016 15:35:52 UTC] PHP   7. Symfony\Component\Console\Command\Command->run() /Library/WebServer/Documents/money/vendor/symfony/console/Application.php:820
[14-Oct-2016 15:35:52 UTC] PHP   8. Propel\Generator\Command\MigrationDownCommand->execute() /Library/WebServer/Documents/money/vendor/symfony/console/Command/Command.php:256
[14-Oct-2016 15:35:52 UTC] PHP   9. Propel\Generator\Manager\MigrationManager->getMigrationObject() /Library/WebServer/Documents/money/vendor/propel/propel/src/Propel/Generator/Command/MigrationDownCommand.php:101
[14-Oct-2016 15:35:52 UTC] PHP  10. require_once() /Library/WebServer/Documents/money/vendor/propel/propel/src/Propel/Generator/Manager/MigrationManager.php:307
[14-Oct-2016 15:36:09 UTC] PHP Warning:  require_once(/path/to/vendor/autoload.php): failed to open stream: No such file or directory in /Library/WebServer/Documents/money/generated-migrations/PropelMigration_1476458406.php on line 3
[14-Oct-2016 15:36:09 UTC] PHP Stack trace:
[14-Oct-2016 15:36:09 UTC] PHP   1. {main}() /Library/WebServer/Documents/money/vendor/propel/propel/bin/propel:0
[14-Oct-2016 15:36:09 UTC] PHP   2. require() /Library/WebServer/Documents/money/vendor/propel/propel/bin/propel:4
[14-Oct-2016 15:36:09 UTC] PHP   3. Symfony\Component\Console\Application->run() /Library/WebServer/Documents/money/vendor/propel/propel/bin/propel.php:30
[14-Oct-2016 15:36:09 UTC] PHP   4. Propel\Generator\Application->doRun() /Library/WebServer/Documents/money/vendor/symfony/console/Application.php:118
[14-Oct-2016 15:36:09 UTC] PHP   5. Symfony\Component\Console\Application->doRun() /Library/WebServer/Documents/money/vendor/propel/propel/src/Propel/Generator/Application.php:17
[14-Oct-2016 15:36:09 UTC] PHP   6. Symfony\Component\Console\Application->doRunCommand() /Library/WebServer/Documents/money/vendor/symfony/console/Application.php:187
[14-Oct-2016 15:36:09 UTC] PHP   7. Symfony\Component\Console\Command\Command->run() /Library/WebServer/Documents/money/vendor/symfony/console/Application.php:820
[14-Oct-2016 15:36:09 UTC] PHP   8. Propel\Generator\Command\MigrationDownCommand->execute() /Library/WebServer/Documents/money/vendor/symfony/console/Command/Command.php:256
[14-Oct-2016 15:36:09 UTC] PHP   9. Propel\Generator\Manager\MigrationManager->getMigrationObject() /Library/WebServer/Documents/money/vendor/propel/propel/src/Propel/Generator/Command/MigrationDownCommand.php:101
[14-Oct-2016 15:36:09 UTC] PHP  10. require_once() /Library/WebServer/Documents/money/vendor/propel/propel/src/Propel/Generator/Manager/MigrationManager.php:307
[14-Oct-2016 15:36:09 UTC] PHP Fatal error:  require_once(): Failed opening required '/path/to/vendor/autoload.php' (include_path='.:/usr/local/pear/share/pear') in /Library/WebServer/Documents/money/generated-migrations/PropelMigration_1476458406.php on line 3
[14-Oct-2016 15:36:09 UTC] PHP Stack trace:
[14-Oct-2016 15:36:09 UTC] PHP   1. {main}() /Library/WebServer/Documents/money/vendor/propel/propel/bin/propel:0
[14-Oct-2016 15:36:09 UTC] PHP   2. require() /Library/WebServer/Documents/money/vendor/propel/propel/bin/propel:4
[14-Oct-2016 15:36:09 UTC] PHP   3. Symfony\Component\Console\Application->run() /Library/WebServer/Documents/money/vendor/propel/propel/bin/propel.php:30
[14-Oct-2016 15:36:09 UTC] PHP   4. Propel\Generator\Application->doRun() /Library/WebServer/Documents/money/vendor/symfony/console/Application.php:118
[14-Oct-2016 15:36:09 UTC] PHP   5. Symfony\Component\Console\Application->doRun() /Library/WebServer/Documents/money/vendor/propel/propel/src/Propel/Generator/Application.php:17
[14-Oct-2016 15:36:09 UTC] PHP   6. Symfony\Component\Console\Application->doRunCommand() /Library/WebServer/Documents/money/vendor/symfony/console/Application.php:187
[14-Oct-2016 15:36:09 UTC] PHP   7. Symfony\Component\Console\Command\Command->run() /Library/WebServer/Documents/money/vendor/symfony/console/Application.php:820
[14-Oct-2016 15:36:09 UTC] PHP   8. Propel\Generator\Command\MigrationDownCommand->execute() /Library/WebServer/Documents/money/vendor/symfony/console/Command/Command.php:256
[14-Oct-2016 15:36:09 UTC] PHP   9. Propel\Generator\Manager\MigrationManager->getMigrationObject() /Library/WebServer/Documents/money/vendor/propel/propel/src/Propel/Generator/Command/MigrationDownCommand.php:101
[14-Oct-2016 15:36:09 UTC] PHP  10. require_once() /Library/WebServer/Documents/money/vendor/propel/propel/src/Propel/Generator/Manager/MigrationManager.php:307
[14-Oct-2016 15:36:17 UTC] PHP Warning:  require_once(/path/to/vendor/autoload.php): failed to open stream: No such file or directory in /Library/WebServer/Documents/money/generated-migrations/PropelMigration_1476458406.php on line 3
[14-Oct-2016 15:36:17 UTC] PHP Stack trace:
[14-Oct-2016 15:36:17 UTC] PHP   1. {main}() /Library/WebServer/Documents/money/vendor/propel/propel/bin/propel:0
[14-Oct-2016 15:36:17 UTC] PHP   2. require() /Library/WebServer/Documents/money/vendor/propel/propel/bin/propel:4
[14-Oct-2016 15:36:17 UTC] PHP   3. Symfony\Component\Console\Application->run() /Library/WebServer/Documents/money/vendor/propel/propel/bin/propel.php:30
[14-Oct-2016 15:36:17 UTC] PHP   4. Propel\Generator\Application->doRun() /Library/WebServer/Documents/money/vendor/symfony/console/Application.php:118
[14-Oct-2016 15:36:17 UTC] PHP   5. Symfony\Component\Console\Application->doRun() /Library/WebServer/Documents/money/vendor/propel/propel/src/Propel/Generator/Application.php:17
[14-Oct-2016 15:36:17 UTC] PHP   6. Symfony\Component\Console\Application->doRunCommand() /Library/WebServer/Documents/money/vendor/symfony/console/Application.php:187
[14-Oct-2016 15:36:17 UTC] PHP   7. Symfony\Component\Console\Command\Command->run() /Library/WebServer/Documents/money/vendor/symfony/console/Application.php:820
[14-Oct-2016 15:36:17 UTC] PHP   8. Propel\Generator\Command\MigrationDownCommand->execute() /Library/WebServer/Documents/money/vendor/symfony/console/Command/Command.php:256
[14-Oct-2016 15:36:17 UTC] PHP   9. Propel\Generator\Manager\MigrationManager->getMigrationObject() /Library/WebServer/Documents/money/vendor/propel/propel/src/Propel/Generator/Command/MigrationDownCommand.php:101
[14-Oct-2016 15:36:17 UTC] PHP  10. require_once() /Library/WebServer/Documents/money/vendor/propel/propel/src/Propel/Generator/Manager/MigrationManager.php:307
[14-Oct-2016 15:36:17 UTC] PHP Fatal error:  require_once(): Failed opening required '/path/to/vendor/autoload.php' (include_path='.:/usr/local/pear/share/pear') in /Library/WebServer/Documents/money/generated-migrations/PropelMigration_1476458406.php on line 3
[14-Oct-2016 15:36:17 UTC] PHP Stack trace:
[14-Oct-2016 15:36:17 UTC] PHP   1. {main}() /Library/WebServer/Documents/money/vendor/propel/propel/bin/propel:0
[14-Oct-2016 15:36:17 UTC] PHP   2. require() /Library/WebServer/Documents/money/vendor/propel/propel/bin/propel:4
[14-Oct-2016 15:36:17 UTC] PHP   3. Symfony\Component\Console\Application->run() /Library/WebServer/Documents/money/vendor/propel/propel/bin/propel.php:30
[14-Oct-2016 15:36:17 UTC] PHP   4. Propel\Generator\Application->doRun() /Library/WebServer/Documents/money/vendor/symfony/console/Application.php:118
[14-Oct-2016 15:36:17 UTC] PHP   5. Symfony\Component\Console\Application->doRun() /Library/WebServer/Documents/money/vendor/propel/propel/src/Propel/Generator/Application.php:17
[14-Oct-2016 15:36:17 UTC] PHP   6. Symfony\Component\Console\Application->doRunCommand() /Library/WebServer/Documents/money/vendor/symfony/console/Application.php:187
[14-Oct-2016 15:36:17 UTC] PHP   7. Symfony\Component\Console\Command\Command->run() /Library/WebServer/Documents/money/vendor/symfony/console/Application.php:820
[14-Oct-2016 15:36:17 UTC] PHP   8. Propel\Generator\Command\MigrationDownCommand->execute() /Library/WebServer/Documents/money/vendor/symfony/console/Command/Command.php:256
[14-Oct-2016 15:36:17 UTC] PHP   9. Propel\Generator\Manager\MigrationManager->getMigrationObject() /Library/WebServer/Documents/money/vendor/propel/propel/src/Propel/Generator/Command/MigrationDownCommand.php:101
[14-Oct-2016 15:36:17 UTC] PHP  10. require_once() /Library/WebServer/Documents/money/vendor/propel/propel/src/Propel/Generator/Manager/MigrationManager.php:307
[14-Oct-2016 15:36:27 UTC] PHP Warning:  require_once(/path/to/vendor/autoload.php): failed to open stream: No such file or directory in /Library/WebServer/Documents/money/generated-migrations/PropelMigration_1476458406.php on line 3
[14-Oct-2016 15:36:27 UTC] PHP Stack trace:
[14-Oct-2016 15:36:27 UTC] PHP   1. {main}() /Library/WebServer/Documents/money/vendor/propel/propel/bin/propel:0
[14-Oct-2016 15:36:27 UTC] PHP   2. require() /Library/WebServer/Documents/money/vendor/propel/propel/bin/propel:4
[14-Oct-2016 15:36:27 UTC] PHP   3. Symfony\Component\Console\Application->run() /Library/WebServer/Documents/money/vendor/propel/propel/bin/propel.php:30
[14-Oct-2016 15:36:27 UTC] PHP   4. Propel\Generator\Application->doRun() /Library/WebServer/Documents/money/vendor/symfony/console/Application.php:118
[14-Oct-2016 15:36:27 UTC] PHP   5. Symfony\Component\Console\Application->doRun() /Library/WebServer/Documents/money/vendor/propel/propel/src/Propel/Generator/Application.php:17
[14-Oct-2016 15:36:27 UTC] PHP   6. Symfony\Component\Console\Application->doRunCommand() /Library/WebServer/Documents/money/vendor/symfony/console/Application.php:187
[14-Oct-2016 15:36:27 UTC] PHP   7. Symfony\Component\Console\Command\Command->run() /Library/WebServer/Documents/money/vendor/symfony/console/Application.php:820
[14-Oct-2016 15:36:27 UTC] PHP   8. Propel\Generator\Command\MigrationDownCommand->execute() /Library/WebServer/Documents/money/vendor/symfony/console/Command/Command.php:256
[14-Oct-2016 15:36:27 UTC] PHP   9. Propel\Generator\Manager\MigrationManager->getMigrationObject() /Library/WebServer/Documents/money/vendor/propel/propel/src/Propel/Generator/Command/MigrationDownCommand.php:101
[14-Oct-2016 15:36:27 UTC] PHP  10. require_once() /Library/WebServer/Documents/money/vendor/propel/propel/src/Propel/Generator/Manager/MigrationManager.php:307
[14-Oct-2016 15:36:27 UTC] PHP Fatal error:  require_once(): Failed opening required '/path/to/vendor/autoload.php' (include_path='.:/usr/local/pear/share/pear') in /Library/WebServer/Documents/money/generated-migrations/PropelMigration_1476458406.php on line 3
[14-Oct-2016 15:36:27 UTC] PHP Stack trace:
[14-Oct-2016 15:36:27 UTC] PHP   1. {main}() /Library/WebServer/Documents/money/vendor/propel/propel/bin/propel:0
[14-Oct-2016 15:36:27 UTC] PHP   2. require() /Library/WebServer/Documents/money/vendor/propel/propel/bin/propel:4
[14-Oct-2016 15:36:27 UTC] PHP   3. Symfony\Component\Console\Application->run() /Library/WebServer/Documents/money/vendor/propel/propel/bin/propel.php:30
[14-Oct-2016 15:36:27 UTC] PHP   4. Propel\Generator\Application->doRun() /Library/WebServer/Documents/money/vendor/symfony/console/Application.php:118
[14-Oct-2016 15:36:27 UTC] PHP   5. Symfony\Component\Console\Application->doRun() /Library/WebServer/Documents/money/vendor/propel/propel/src/Propel/Generator/Application.php:17
[14-Oct-2016 15:36:27 UTC] PHP   6. Symfony\Component\Console\Application->doRunCommand() /Library/WebServer/Documents/money/vendor/symfony/console/Application.php:187
[14-Oct-2016 15:36:27 UTC] PHP   7. Symfony\Component\Console\Command\Command->run() /Library/WebServer/Documents/money/vendor/symfony/console/Application.php:820
[14-Oct-2016 15:36:27 UTC] PHP   8. Propel\Generator\Command\MigrationDownCommand->execute() /Library/WebServer/Documents/money/vendor/symfony/console/Command/Command.php:256
[14-Oct-2016 15:36:27 UTC] PHP   9. Propel\Generator\Manager\MigrationManager->getMigrationObject() /Library/WebServer/Documents/money/vendor/propel/propel/src/Propel/Generator/Command/MigrationDownCommand.php:101
[14-Oct-2016 15:36:27 UTC] PHP  10. require_once() /Library/WebServer/Documents/money/vendor/propel/propel/src/Propel/Generator/Manager/MigrationManager.php:307
[14-Oct-2016 15:36:29 UTC] PHP Warning:  require_once(/path/to/vendor/autoload.php): failed to open stream: No such file or directory in /Library/WebServer/Documents/money/generated-migrations/PropelMigration_1476458406.php on line 3
[14-Oct-2016 15:36:29 UTC] PHP Stack trace:
[14-Oct-2016 15:36:29 UTC] PHP   1. {main}() /Library/WebServer/Documents/money/vendor/propel/propel/bin/propel:0
[14-Oct-2016 15:36:29 UTC] PHP   2. require() /Library/WebServer/Documents/money/vendor/propel/propel/bin/propel:4
[14-Oct-2016 15:36:29 UTC] PHP   3. Symfony\Component\Console\Application->run() /Library/WebServer/Documents/money/vendor/propel/propel/bin/propel.php:30
[14-Oct-2016 15:36:29 UTC] PHP   4. Propel\Generator\Application->doRun() /Library/WebServer/Documents/money/vendor/symfony/console/Application.php:118
[14-Oct-2016 15:36:29 UTC] PHP   5. Symfony\Component\Console\Application->doRun() /Library/WebServer/Documents/money/vendor/propel/propel/src/Propel/Generator/Application.php:17
[14-Oct-2016 15:36:29 UTC] PHP   6. Symfony\Component\Console\Application->doRunCommand() /Library/WebServer/Documents/money/vendor/symfony/console/Application.php:187
[14-Oct-2016 15:36:29 UTC] PHP   7. Symfony\Component\Console\Command\Command->run() /Library/WebServer/Documents/money/vendor/symfony/console/Application.php:820
[14-Oct-2016 15:36:29 UTC] PHP   8. Propel\Generator\Command\MigrationDownCommand->execute() /Library/WebServer/Documents/money/vendor/symfony/console/Command/Command.php:256
[14-Oct-2016 15:36:29 UTC] PHP   9. Propel\Generator\Manager\MigrationManager->getMigrationObject() /Library/WebServer/Documents/money/vendor/propel/propel/src/Propel/Generator/Command/MigrationDownCommand.php:101
[14-Oct-2016 15:36:29 UTC] PHP  10. require_once() /Library/WebServer/Documents/money/vendor/propel/propel/src/Propel/Generator/Manager/MigrationManager.php:307
[14-Oct-2016 15:36:29 UTC] PHP Fatal error:  require_once(): Failed opening required '/path/to/vendor/autoload.php' (include_path='.:/usr/local/pear/share/pear') in /Library/WebServer/Documents/money/generated-migrations/PropelMigration_1476458406.php on line 3
[14-Oct-2016 15:36:29 UTC] PHP Stack trace:
[14-Oct-2016 15:36:29 UTC] PHP   1. {main}() /Library/WebServer/Documents/money/vendor/propel/propel/bin/propel:0
[14-Oct-2016 15:36:29 UTC] PHP   2. require() /Library/WebServer/Documents/money/vendor/propel/propel/bin/propel:4
[14-Oct-2016 15:36:29 UTC] PHP   3. Symfony\Component\Console\Application->run() /Library/WebServer/Documents/money/vendor/propel/propel/bin/propel.php:30
[14-Oct-2016 15:36:29 UTC] PHP   4. Propel\Generator\Application->doRun() /Library/WebServer/Documents/money/vendor/symfony/console/Application.php:118
[14-Oct-2016 15:36:29 UTC] PHP   5. Symfony\Component\Console\Application->doRun() /Library/WebServer/Documents/money/vendor/propel/propel/src/Propel/Generator/Application.php:17
[14-Oct-2016 15:36:29 UTC] PHP   6. Symfony\Component\Console\Application->doRunCommand() /Library/WebServer/Documents/money/vendor/symfony/console/Application.php:187
[14-Oct-2016 15:36:29 UTC] PHP   7. Symfony\Component\Console\Command\Command->run() /Library/WebServer/Documents/money/vendor/symfony/console/Application.php:820
[14-Oct-2016 15:36:29 UTC] PHP   8. Propel\Generator\Command\MigrationDownCommand->execute() /Library/WebServer/Documents/money/vendor/symfony/console/Command/Command.php:256
[14-Oct-2016 15:36:29 UTC] PHP   9. Propel\Generator\Manager\MigrationManager->getMigrationObject() /Library/WebServer/Documents/money/vendor/propel/propel/src/Propel/Generator/Command/MigrationDownCommand.php:101
[14-Oct-2016 15:36:29 UTC] PHP  10. require_once() /Library/WebServer/Documents/money/vendor/propel/propel/src/Propel/Generator/Manager/MigrationManager.php:307
[14-Oct-2016 15:37:49 UTC] PHP Warning:  require_once(/path/to/vendor/autoload.php): failed to open stream: No such file or directory in /Library/WebServer/Documents/money/generated-migrations/PropelMigration_1476458406.php on line 3
[14-Oct-2016 15:37:49 UTC] PHP Stack trace:
[14-Oct-2016 15:37:49 UTC] PHP   1. {main}() /Library/WebServer/Documents/money/vendor/propel/propel/bin/propel:0
[14-Oct-2016 15:37:49 UTC] PHP   2. require() /Library/WebServer/Documents/money/vendor/propel/propel/bin/propel:4
[14-Oct-2016 15:37:49 UTC] PHP   3. Symfony\Component\Console\Application->run() /Library/WebServer/Documents/money/vendor/propel/propel/bin/propel.php:30
[14-Oct-2016 15:37:49 UTC] PHP   4. Propel\Generator\Application->doRun() /Library/WebServer/Documents/money/vendor/symfony/console/Application.php:118
[14-Oct-2016 15:37:49 UTC] PHP   5. Symfony\Component\Console\Application->doRun() /Library/WebServer/Documents/money/vendor/propel/propel/src/Propel/Generator/Application.php:17
[14-Oct-2016 15:37:49 UTC] PHP   6. Symfony\Component\Console\Application->doRunCommand() /Library/WebServer/Documents/money/vendor/symfony/console/Application.php:187
[14-Oct-2016 15:37:49 UTC] PHP   7. Symfony\Component\Console\Command\Command->run() /Library/WebServer/Documents/money/vendor/symfony/console/Application.php:820
[14-Oct-2016 15:37:49 UTC] PHP   8. Propel\Generator\Command\MigrationDownCommand->execute() /Library/WebServer/Documents/money/vendor/symfony/console/Command/Command.php:256
[14-Oct-2016 15:37:49 UTC] PHP   9. Propel\Generator\Manager\MigrationManager->getMigrationObject() /Library/WebServer/Documents/money/vendor/propel/propel/src/Propel/Generator/Command/MigrationDownCommand.php:101
[14-Oct-2016 15:37:49 UTC] PHP  10. require_once() /Library/WebServer/Documents/money/vendor/propel/propel/src/Propel/Generator/Manager/MigrationManager.php:307
[14-Oct-2016 15:37:49 UTC] PHP Fatal error:  require_once(): Failed opening required '/path/to/vendor/autoload.php' (include_path='.:/usr/local/pear/share/pear') in /Library/WebServer/Documents/money/generated-migrations/PropelMigration_1476458406.php on line 3
[14-Oct-2016 15:37:49 UTC] PHP Stack trace:
[14-Oct-2016 15:37:49 UTC] PHP   1. {main}() /Library/WebServer/Documents/money/vendor/propel/propel/bin/propel:0
[14-Oct-2016 15:37:49 UTC] PHP   2. require() /Library/WebServer/Documents/money/vendor/propel/propel/bin/propel:4
[14-Oct-2016 15:37:49 UTC] PHP   3. Symfony\Component\Console\Application->run() /Library/WebServer/Documents/money/vendor/propel/propel/bin/propel.php:30
[14-Oct-2016 15:37:49 UTC] PHP   4. Propel\Generator\Application->doRun() /Library/WebServer/Documents/money/vendor/symfony/console/Application.php:118
[14-Oct-2016 15:37:49 UTC] PHP   5. Symfony\Component\Console\Application->doRun() /Library/WebServer/Documents/money/vendor/propel/propel/src/Propel/Generator/Application.php:17
[14-Oct-2016 15:37:49 UTC] PHP   6. Symfony\Component\Console\Application->doRunCommand() /Library/WebServer/Documents/money/vendor/symfony/console/Application.php:187
[14-Oct-2016 15:37:49 UTC] PHP   7. Symfony\Component\Console\Command\Command->run() /Library/WebServer/Documents/money/vendor/symfony/console/Application.php:820
[14-Oct-2016 15:37:49 UTC] PHP   8. Propel\Generator\Command\MigrationDownCommand->execute() /Library/WebServer/Documents/money/vendor/symfony/console/Command/Command.php:256
[14-Oct-2016 15:37:49 UTC] PHP   9. Propel\Generator\Manager\MigrationManager->getMigrationObject() /Library/WebServer/Documents/money/vendor/propel/propel/src/Propel/Generator/Command/MigrationDownCommand.php:101
[14-Oct-2016 15:37:49 UTC] PHP  10. require_once() /Library/WebServer/Documents/money/vendor/propel/propel/src/Propel/Generator/Manager/MigrationManager.php:307
[14-Oct-2016 15:39:35 UTC] PHP Warning:  require_once(/path/to/vendor/autoload.php): failed to open stream: No such file or directory in /Library/WebServer/Documents/money/generated-migrations/PropelMigration_1476458406.php on line 3
[14-Oct-2016 15:39:35 UTC] PHP Stack trace:
[14-Oct-2016 15:39:35 UTC] PHP   1. {main}() /Library/WebServer/Documents/money/vendor/propel/propel/bin/propel:0
[14-Oct-2016 15:39:35 UTC] PHP   2. require() /Library/WebServer/Documents/money/vendor/propel/propel/bin/propel:4
[14-Oct-2016 15:39:35 UTC] PHP   3. Symfony\Component\Console\Application->run() /Library/WebServer/Documents/money/vendor/propel/propel/bin/propel.php:30
[14-Oct-2016 15:39:35 UTC] PHP   4. Propel\Generator\Application->doRun() /Library/WebServer/Documents/money/vendor/symfony/console/Application.php:118
[14-Oct-2016 15:39:35 UTC] PHP   5. Symfony\Component\Console\Application->doRun() /Library/WebServer/Documents/money/vendor/propel/propel/src/Propel/Generator/Application.php:17
[14-Oct-2016 15:39:35 UTC] PHP   6. Symfony\Component\Console\Application->doRunCommand() /Library/WebServer/Documents/money/vendor/symfony/console/Application.php:187
[14-Oct-2016 15:39:35 UTC] PHP   7. Symfony\Component\Console\Command\Command->run() /Library/WebServer/Documents/money/vendor/symfony/console/Application.php:820
[14-Oct-2016 15:39:35 UTC] PHP   8. Propel\Generator\Command\MigrationMigrateCommand->execute() /Library/WebServer/Documents/money/vendor/symfony/console/Command/Command.php:256
[14-Oct-2016 15:39:35 UTC] PHP   9. Propel\Generator\Manager\MigrationManager->getMigrationObject() /Library/WebServer/Documents/money/vendor/propel/propel/src/Propel/Generator/Command/MigrationMigrateCommand.php:105
[14-Oct-2016 15:39:35 UTC] PHP  10. require_once() /Library/WebServer/Documents/money/vendor/propel/propel/src/Propel/Generator/Manager/MigrationManager.php:307
[14-Oct-2016 15:39:35 UTC] PHP Fatal error:  require_once(): Failed opening required '/path/to/vendor/autoload.php' (include_path='.:/usr/local/pear/share/pear') in /Library/WebServer/Documents/money/generated-migrations/PropelMigration_1476458406.php on line 3
[14-Oct-2016 15:39:35 UTC] PHP Stack trace:
[14-Oct-2016 15:39:35 UTC] PHP   1. {main}() /Library/WebServer/Documents/money/vendor/propel/propel/bin/propel:0
[14-Oct-2016 15:39:35 UTC] PHP   2. require() /Library/WebServer/Documents/money/vendor/propel/propel/bin/propel:4
[14-Oct-2016 15:39:35 UTC] PHP   3. Symfony\Component\Console\Application->run() /Library/WebServer/Documents/money/vendor/propel/propel/bin/propel.php:30
[14-Oct-2016 15:39:35 UTC] PHP   4. Propel\Generator\Application->doRun() /Library/WebServer/Documents/money/vendor/symfony/console/Application.php:118
[14-Oct-2016 15:39:35 UTC] PHP   5. Symfony\Component\Console\Application->doRun() /Library/WebServer/Documents/money/vendor/propel/propel/src/Propel/Generator/Application.php:17
[14-Oct-2016 15:39:35 UTC] PHP   6. Symfony\Component\Console\Application->doRunCommand() /Library/WebServer/Documents/money/vendor/symfony/console/Application.php:187
[14-Oct-2016 15:39:35 UTC] PHP   7. Symfony\Component\Console\Command\Command->run() /Library/WebServer/Documents/money/vendor/symfony/console/Application.php:820
[14-Oct-2016 15:39:35 UTC] PHP   8. Propel\Generator\Command\MigrationMigrateCommand->execute() /Library/WebServer/Documents/money/vendor/symfony/console/Command/Command.php:256
[14-Oct-2016 15:39:35 UTC] PHP   9. Propel\Generator\Manager\MigrationManager->getMigrationObject() /Library/WebServer/Documents/money/vendor/propel/propel/src/Propel/Generator/Command/MigrationMigrateCommand.php:105
[14-Oct-2016 15:39:35 UTC] PHP  10. require_once() /Library/WebServer/Documents/money/vendor/propel/propel/src/Propel/Generator/Manager/MigrationManager.php:307
[14-Oct-2016 15:40:10 UTC] PHP Warning:  require_once(/autoload.php): failed to open stream: No such file or directory in /Library/WebServer/Documents/money/generated-migrations/PropelMigration_1476458406.php on line 3
[14-Oct-2016 15:40:10 UTC] PHP Stack trace:
[14-Oct-2016 15:40:10 UTC] PHP   1. {main}() /Library/WebServer/Documents/money/vendor/propel/propel/bin/propel:0
[14-Oct-2016 15:40:10 UTC] PHP   2. require() /Library/WebServer/Documents/money/vendor/propel/propel/bin/propel:4
[14-Oct-2016 15:40:10 UTC] PHP   3. Symfony\Component\Console\Application->run() /Library/WebServer/Documents/money/vendor/propel/propel/bin/propel.php:30
[14-Oct-2016 15:40:10 UTC] PHP   4. Propel\Generator\Application->doRun() /Library/WebServer/Documents/money/vendor/symfony/console/Application.php:118
[14-Oct-2016 15:40:10 UTC] PHP   5. Symfony\Component\Console\Application->doRun() /Library/WebServer/Documents/money/vendor/propel/propel/src/Propel/Generator/Application.php:17
[14-Oct-2016 15:40:10 UTC] PHP   6. Symfony\Component\Console\Application->doRunCommand() /Library/WebServer/Documents/money/vendor/symfony/console/Application.php:187
[14-Oct-2016 15:40:10 UTC] PHP   7. Symfony\Component\Console\Command\Command->run() /Library/WebServer/Documents/money/vendor/symfony/console/Application.php:820
[14-Oct-2016 15:40:10 UTC] PHP   8. Propel\Generator\Command\MigrationMigrateCommand->execute() /Library/WebServer/Documents/money/vendor/symfony/console/Command/Command.php:256
[14-Oct-2016 15:40:10 UTC] PHP   9. Propel\Generator\Manager\MigrationManager->getMigrationObject() /Library/WebServer/Documents/money/vendor/propel/propel/src/Propel/Generator/Command/MigrationMigrateCommand.php:105
[14-Oct-2016 15:40:10 UTC] PHP  10. require_once() /Library/WebServer/Documents/money/vendor/propel/propel/src/Propel/Generator/Manager/MigrationManager.php:307
[14-Oct-2016 15:40:10 UTC] PHP Fatal error:  require_once(): Failed opening required '/autoload.php' (include_path='.:/usr/local/pear/share/pear') in /Library/WebServer/Documents/money/generated-migrations/PropelMigration_1476458406.php on line 3
[14-Oct-2016 15:40:10 UTC] PHP Stack trace:
[14-Oct-2016 15:40:10 UTC] PHP   1. {main}() /Library/WebServer/Documents/money/vendor/propel/propel/bin/propel:0
[14-Oct-2016 15:40:10 UTC] PHP   2. require() /Library/WebServer/Documents/money/vendor/propel/propel/bin/propel:4
[14-Oct-2016 15:40:10 UTC] PHP   3. Symfony\Component\Console\Application->run() /Library/WebServer/Documents/money/vendor/propel/propel/bin/propel.php:30
[14-Oct-2016 15:40:10 UTC] PHP   4. Propel\Generator\Application->doRun() /Library/WebServer/Documents/money/vendor/symfony/console/Application.php:118
[14-Oct-2016 15:40:10 UTC] PHP   5. Symfony\Component\Console\Application->doRun() /Library/WebServer/Documents/money/vendor/propel/propel/src/Propel/Generator/Application.php:17
[14-Oct-2016 15:40:10 UTC] PHP   6. Symfony\Component\Console\Application->doRunCommand() /Library/WebServer/Documents/money/vendor/symfony/console/Application.php:187
[14-Oct-2016 15:40:10 UTC] PHP   7. Symfony\Component\Console\Command\Command->run() /Library/WebServer/Documents/money/vendor/symfony/console/Application.php:820
[14-Oct-2016 15:40:10 UTC] PHP   8. Propel\Generator\Command\MigrationMigrateCommand->execute() /Library/WebServer/Documents/money/vendor/symfony/console/Command/Command.php:256
[14-Oct-2016 15:40:10 UTC] PHP   9. Propel\Generator\Manager\MigrationManager->getMigrationObject() /Library/WebServer/Documents/money/vendor/propel/propel/src/Propel/Generator/Command/MigrationMigrateCommand.php:105
[14-Oct-2016 15:40:10 UTC] PHP  10. require_once() /Library/WebServer/Documents/money/vendor/propel/propel/src/Propel/Generator/Manager/MigrationManager.php:307
[14-Oct-2016 15:40:19 UTC] PHP Warning:  require_once(autoload.php): failed to open stream: No such file or directory in /Library/WebServer/Documents/money/generated-migrations/PropelMigration_1476458406.php on line 3
[14-Oct-2016 15:40:19 UTC] PHP Stack trace:
[14-Oct-2016 15:40:19 UTC] PHP   1. {main}() /Library/WebServer/Documents/money/vendor/propel/propel/bin/propel:0
[14-Oct-2016 15:40:19 UTC] PHP   2. require() /Library/WebServer/Documents/money/vendor/propel/propel/bin/propel:4
[14-Oct-2016 15:40:19 UTC] PHP   3. Symfony\Component\Console\Application->run() /Library/WebServer/Documents/money/vendor/propel/propel/bin/propel.php:30
[14-Oct-2016 15:40:19 UTC] PHP   4. Propel\Generator\Application->doRun() /Library/WebServer/Documents/money/vendor/symfony/console/Application.php:118
[14-Oct-2016 15:40:19 UTC] PHP   5. Symfony\Component\Console\Application->doRun() /Library/WebServer/Documents/money/vendor/propel/propel/src/Propel/Generator/Application.php:17
[14-Oct-2016 15:40:19 UTC] PHP   6. Symfony\Component\Console\Application->doRunCommand() /Library/WebServer/Documents/money/vendor/symfony/console/Application.php:187
[14-Oct-2016 15:40:19 UTC] PHP   7. Symfony\Component\Console\Command\Command->run() /Library/WebServer/Documents/money/vendor/symfony/console/Application.php:820
[14-Oct-2016 15:40:19 UTC] PHP   8. Propel\Generator\Command\MigrationMigrateCommand->execute() /Library/WebServer/Documents/money/vendor/symfony/console/Command/Command.php:256
[14-Oct-2016 15:40:19 UTC] PHP   9. Propel\Generator\Manager\MigrationManager->getMigrationObject() /Library/WebServer/Documents/money/vendor/propel/propel/src/Propel/Generator/Command/MigrationMigrateCommand.php:105
[14-Oct-2016 15:40:19 UTC] PHP  10. require_once() /Library/WebServer/Documents/money/vendor/propel/propel/src/Propel/Generator/Manager/MigrationManager.php:307
[14-Oct-2016 15:40:19 UTC] PHP Fatal error:  require_once(): Failed opening required 'autoload.php' (include_path='.:/usr/local/pear/share/pear') in /Library/WebServer/Documents/money/generated-migrations/PropelMigration_1476458406.php on line 3
[14-Oct-2016 15:40:19 UTC] PHP Stack trace:
[14-Oct-2016 15:40:19 UTC] PHP   1. {main}() /Library/WebServer/Documents/money/vendor/propel/propel/bin/propel:0
[14-Oct-2016 15:40:19 UTC] PHP   2. require() /Library/WebServer/Documents/money/vendor/propel/propel/bin/propel:4
[14-Oct-2016 15:40:19 UTC] PHP   3. Symfony\Component\Console\Application->run() /Library/WebServer/Documents/money/vendor/propel/propel/bin/propel.php:30
[14-Oct-2016 15:40:19 UTC] PHP   4. Propel\Generator\Application->doRun() /Library/WebServer/Documents/money/vendor/symfony/console/Application.php:118
[14-Oct-2016 15:40:19 UTC] PHP   5. Symfony\Component\Console\Application->doRun() /Library/WebServer/Documents/money/vendor/propel/propel/src/Propel/Generator/Application.php:17
[14-Oct-2016 15:40:19 UTC] PHP   6. Symfony\Component\Console\Application->doRunCommand() /Library/WebServer/Documents/money/vendor/symfony/console/Application.php:187
[14-Oct-2016 15:40:19 UTC] PHP   7. Symfony\Component\Console\Command\Command->run() /Library/WebServer/Documents/money/vendor/symfony/console/Application.php:820
[14-Oct-2016 15:40:19 UTC] PHP   8. Propel\Generator\Command\MigrationMigrateCommand->execute() /Library/WebServer/Documents/money/vendor/symfony/console/Command/Command.php:256
[14-Oct-2016 15:40:19 UTC] PHP   9. Propel\Generator\Manager\MigrationManager->getMigrationObject() /Library/WebServer/Documents/money/vendor/propel/propel/src/Propel/Generator/Command/MigrationMigrateCommand.php:105
[14-Oct-2016 15:40:19 UTC] PHP  10. require_once() /Library/WebServer/Documents/money/vendor/propel/propel/src/Propel/Generator/Manager/MigrationManager.php:307
[14-Oct-2016 15:40:46 UTC] PHP Warning:  require_once(../autoload.php): failed to open stream: No such file or directory in /Library/WebServer/Documents/money/generated-migrations/PropelMigration_1476458406.php on line 3
[14-Oct-2016 15:40:46 UTC] PHP Stack trace:
[14-Oct-2016 15:40:46 UTC] PHP   1. {main}() /Library/WebServer/Documents/money/vendor/propel/propel/bin/propel:0
[14-Oct-2016 15:40:46 UTC] PHP   2. require() /Library/WebServer/Documents/money/vendor/propel/propel/bin/propel:4
[14-Oct-2016 15:40:46 UTC] PHP   3. Symfony\Component\Console\Application->run() /Library/WebServer/Documents/money/vendor/propel/propel/bin/propel.php:30
[14-Oct-2016 15:40:46 UTC] PHP   4. Propel\Generator\Application->doRun() /Library/WebServer/Documents/money/vendor/symfony/console/Application.php:118
[14-Oct-2016 15:40:46 UTC] PHP   5. Symfony\Component\Console\Application->doRun() /Library/WebServer/Documents/money/vendor/propel/propel/src/Propel/Generator/Application.php:17
[14-Oct-2016 15:40:46 UTC] PHP   6. Symfony\Component\Console\Application->doRunCommand() /Library/WebServer/Documents/money/vendor/symfony/console/Application.php:187
[14-Oct-2016 15:40:46 UTC] PHP   7. Symfony\Component\Console\Command\Command->run() /Library/WebServer/Documents/money/vendor/symfony/console/Application.php:820
[14-Oct-2016 15:40:46 UTC] PHP   8. Propel\Generator\Command\MigrationMigrateCommand->execute() /Library/WebServer/Documents/money/vendor/symfony/console/Command/Command.php:256
[14-Oct-2016 15:40:46 UTC] PHP   9. Propel\Generator\Manager\MigrationManager->getMigrationObject() /Library/WebServer/Documents/money/vendor/propel/propel/src/Propel/Generator/Command/MigrationMigrateCommand.php:105
[14-Oct-2016 15:40:46 UTC] PHP  10. require_once() /Library/WebServer/Documents/money/vendor/propel/propel/src/Propel/Generator/Manager/MigrationManager.php:307
[14-Oct-2016 15:40:46 UTC] PHP Fatal error:  require_once(): Failed opening required '../autoload.php' (include_path='.:/usr/local/pear/share/pear') in /Library/WebServer/Documents/money/generated-migrations/PropelMigration_1476458406.php on line 3
[14-Oct-2016 15:40:46 UTC] PHP Stack trace:
[14-Oct-2016 15:40:46 UTC] PHP   1. {main}() /Library/WebServer/Documents/money/vendor/propel/propel/bin/propel:0
[14-Oct-2016 15:40:46 UTC] PHP   2. require() /Library/WebServer/Documents/money/vendor/propel/propel/bin/propel:4
[14-Oct-2016 15:40:46 UTC] PHP   3. Symfony\Component\Console\Application->run() /Library/WebServer/Documents/money/vendor/propel/propel/bin/propel.php:30
[14-Oct-2016 15:40:46 UTC] PHP   4. Propel\Generator\Application->doRun() /Library/WebServer/Documents/money/vendor/symfony/console/Application.php:118
[14-Oct-2016 15:40:46 UTC] PHP   5. Symfony\Component\Console\Application->doRun() /Library/WebServer/Documents/money/vendor/propel/propel/src/Propel/Generator/Application.php:17
[14-Oct-2016 15:40:46 UTC] PHP   6. Symfony\Component\Console\Application->doRunCommand() /Library/WebServer/Documents/money/vendor/symfony/console/Application.php:187
[14-Oct-2016 15:40:46 UTC] PHP   7. Symfony\Component\Console\Command\Command->run() /Library/WebServer/Documents/money/vendor/symfony/console/Application.php:820
[14-Oct-2016 15:40:46 UTC] PHP   8. Propel\Generator\Command\MigrationMigrateCommand->execute() /Library/WebServer/Documents/money/vendor/symfony/console/Command/Command.php:256
[14-Oct-2016 15:40:46 UTC] PHP   9. Propel\Generator\Manager\MigrationManager->getMigrationObject() /Library/WebServer/Documents/money/vendor/propel/propel/src/Propel/Generator/Command/MigrationMigrateCommand.php:105
[14-Oct-2016 15:40:46 UTC] PHP  10. require_once() /Library/WebServer/Documents/money/vendor/propel/propel/src/Propel/Generator/Manager/MigrationManager.php:307
[14-Oct-2016 15:41:33 UTC] PHP Warning:  require_once(/../autoload.php): failed to open stream: No such file or directory in /Library/WebServer/Documents/money/generated-migrations/PropelMigration_1476458406.php on line 3
[14-Oct-2016 15:41:33 UTC] PHP Stack trace:
[14-Oct-2016 15:41:33 UTC] PHP   1. {main}() /Library/WebServer/Documents/money/vendor/propel/propel/bin/propel:0
[14-Oct-2016 15:41:33 UTC] PHP   2. require() /Library/WebServer/Documents/money/vendor/propel/propel/bin/propel:4
[14-Oct-2016 15:41:33 UTC] PHP   3. Symfony\Component\Console\Application->run() /Library/WebServer/Documents/money/vendor/propel/propel/bin/propel.php:30
[14-Oct-2016 15:41:33 UTC] PHP   4. Propel\Generator\Application->doRun() /Library/WebServer/Documents/money/vendor/symfony/console/Application.php:118
[14-Oct-2016 15:41:33 UTC] PHP   5. Symfony\Component\Console\Application->doRun() /Library/WebServer/Documents/money/vendor/propel/propel/src/Propel/Generator/Application.php:17
[14-Oct-2016 15:41:33 UTC] PHP   6. Symfony\Component\Console\Application->doRunCommand() /Library/WebServer/Documents/money/vendor/symfony/console/Application.php:187
[14-Oct-2016 15:41:33 UTC] PHP   7. Symfony\Component\Console\Command\Command->run() /Library/WebServer/Documents/money/vendor/symfony/console/Application.php:820
[14-Oct-2016 15:41:33 UTC] PHP   8. Propel\Generator\Command\MigrationMigrateCommand->execute() /Library/WebServer/Documents/money/vendor/symfony/console/Command/Command.php:256
[14-Oct-2016 15:41:33 UTC] PHP   9. Propel\Generator\Manager\MigrationManager->getMigrationObject() /Library/WebServer/Documents/money/vendor/propel/propel/src/Propel/Generator/Command/MigrationMigrateCommand.php:105
[14-Oct-2016 15:41:33 UTC] PHP  10. require_once() /Library/WebServer/Documents/money/vendor/propel/propel/src/Propel/Generator/Manager/MigrationManager.php:307
[14-Oct-2016 15:41:33 UTC] PHP Fatal error:  require_once(): Failed opening required '/../autoload.php' (include_path='.:/usr/local/pear/share/pear') in /Library/WebServer/Documents/money/generated-migrations/PropelMigration_1476458406.php on line 3
[14-Oct-2016 15:41:33 UTC] PHP Stack trace:
[14-Oct-2016 15:41:33 UTC] PHP   1. {main}() /Library/WebServer/Documents/money/vendor/propel/propel/bin/propel:0
[14-Oct-2016 15:41:33 UTC] PHP   2. require() /Library/WebServer/Documents/money/vendor/propel/propel/bin/propel:4
[14-Oct-2016 15:41:33 UTC] PHP   3. Symfony\Component\Console\Application->run() /Library/WebServer/Documents/money/vendor/propel/propel/bin/propel.php:30
[14-Oct-2016 15:41:33 UTC] PHP   4. Propel\Generator\Application->doRun() /Library/WebServer/Documents/money/vendor/symfony/console/Application.php:118
[14-Oct-2016 15:41:33 UTC] PHP   5. Symfony\Component\Console\Application->doRun() /Library/WebServer/Documents/money/vendor/propel/propel/src/Propel/Generator/Application.php:17
[14-Oct-2016 15:41:33 UTC] PHP   6. Symfony\Component\Console\Application->doRunCommand() /Library/WebServer/Documents/money/vendor/symfony/console/Application.php:187
[14-Oct-2016 15:41:33 UTC] PHP   7. Symfony\Component\Console\Command\Command->run() /Library/WebServer/Documents/money/vendor/symfony/console/Application.php:820
[14-Oct-2016 15:41:33 UTC] PHP   8. Propel\Generator\Command\MigrationMigrateCommand->execute() /Library/WebServer/Documents/money/vendor/symfony/console/Command/Command.php:256
[14-Oct-2016 15:41:33 UTC] PHP   9. Propel\Generator\Manager\MigrationManager->getMigrationObject() /Library/WebServer/Documents/money/vendor/propel/propel/src/Propel/Generator/Command/MigrationMigrateCommand.php:105
[14-Oct-2016 15:41:33 UTC] PHP  10. require_once() /Library/WebServer/Documents/money/vendor/propel/propel/src/Propel/Generator/Manager/MigrationManager.php:307
[14-Oct-2016 15:45:24 UTC] PHP Warning:  require_once(../vendor/autoload.php): failed to open stream: No such file or directory in /Library/WebServer/Documents/money/generated-migrations/PropelMigration_1476458406.php on line 3
[14-Oct-2016 15:45:24 UTC] PHP Stack trace:
[14-Oct-2016 15:45:24 UTC] PHP   1. {main}() /Library/WebServer/Documents/money/vendor/propel/propel/bin/propel:0
[14-Oct-2016 15:45:24 UTC] PHP   2. require() /Library/WebServer/Documents/money/vendor/propel/propel/bin/propel:4
[14-Oct-2016 15:45:24 UTC] PHP   3. Symfony\Component\Console\Application->run() /Library/WebServer/Documents/money/vendor/propel/propel/bin/propel.php:30
[14-Oct-2016 15:45:24 UTC] PHP   4. Propel\Generator\Application->doRun() /Library/WebServer/Documents/money/vendor/symfony/console/Application.php:118
[14-Oct-2016 15:45:24 UTC] PHP   5. Symfony\Component\Console\Application->doRun() /Library/WebServer/Documents/money/vendor/propel/propel/src/Propel/Generator/Application.php:17
[14-Oct-2016 15:45:24 UTC] PHP   6. Symfony\Component\Console\Application->doRunCommand() /Library/WebServer/Documents/money/vendor/symfony/console/Application.php:187
[14-Oct-2016 15:45:24 UTC] PHP   7. Symfony\Component\Console\Command\Command->run() /Library/WebServer/Documents/money/vendor/symfony/console/Application.php:820
[14-Oct-2016 15:45:24 UTC] PHP   8. Propel\Generator\Command\MigrationDownCommand->execute() /Library/WebServer/Documents/money/vendor/symfony/console/Command/Command.php:256
[14-Oct-2016 15:45:24 UTC] PHP   9. Propel\Generator\Manager\MigrationManager->getMigrationObject() /Library/WebServer/Documents/money/vendor/propel/propel/src/Propel/Generator/Command/MigrationDownCommand.php:101
[14-Oct-2016 15:45:24 UTC] PHP  10. require_once() /Library/WebServer/Documents/money/vendor/propel/propel/src/Propel/Generator/Manager/MigrationManager.php:307
[14-Oct-2016 15:45:24 UTC] PHP Fatal error:  require_once(): Failed opening required '../vendor/autoload.php' (include_path='.:/usr/local/pear/share/pear') in /Library/WebServer/Documents/money/generated-migrations/PropelMigration_1476458406.php on line 3
[14-Oct-2016 15:45:24 UTC] PHP Stack trace:
[14-Oct-2016 15:45:24 UTC] PHP   1. {main}() /Library/WebServer/Documents/money/vendor/propel/propel/bin/propel:0
[14-Oct-2016 15:45:24 UTC] PHP   2. require() /Library/WebServer/Documents/money/vendor/propel/propel/bin/propel:4
[14-Oct-2016 15:45:24 UTC] PHP   3. Symfony\Component\Console\Application->run() /Library/WebServer/Documents/money/vendor/propel/propel/bin/propel.php:30
[14-Oct-2016 15:45:24 UTC] PHP   4. Propel\Generator\Application->doRun() /Library/WebServer/Documents/money/vendor/symfony/console/Application.php:118
[14-Oct-2016 15:45:24 UTC] PHP   5. Symfony\Component\Console\Application->doRun() /Library/WebServer/Documents/money/vendor/propel/propel/src/Propel/Generator/Application.php:17
[14-Oct-2016 15:45:24 UTC] PHP   6. Symfony\Component\Console\Application->doRunCommand() /Library/WebServer/Documents/money/vendor/symfony/console/Application.php:187
[14-Oct-2016 15:45:24 UTC] PHP   7. Symfony\Component\Console\Command\Command->run() /Library/WebServer/Documents/money/vendor/symfony/console/Application.php:820
[14-Oct-2016 15:45:24 UTC] PHP   8. Propel\Generator\Command\MigrationDownCommand->execute() /Library/WebServer/Documents/money/vendor/symfony/console/Command/Command.php:256
[14-Oct-2016 15:45:24 UTC] PHP   9. Propel\Generator\Manager\MigrationManager->getMigrationObject() /Library/WebServer/Documents/money/vendor/propel/propel/src/Propel/Generator/Command/MigrationDownCommand.php:101
[14-Oct-2016 15:45:24 UTC] PHP  10. require_once() /Library/WebServer/Documents/money/vendor/propel/propel/src/Propel/Generator/Manager/MigrationManager.php:307
[14-Oct-2016 15:47:24 UTC] PHP Warning:  require_once(../vendor/autoload.php): failed to open stream: No such file or directory in /Library/WebServer/Documents/money/generated-migrations/PropelMigration_1476458406.php on line 3
[14-Oct-2016 15:47:24 UTC] PHP Stack trace:
[14-Oct-2016 15:47:24 UTC] PHP   1. {main}() /Library/WebServer/Documents/money/vendor/propel/propel/bin/propel:0
[14-Oct-2016 15:47:24 UTC] PHP   2. require() /Library/WebServer/Documents/money/vendor/propel/propel/bin/propel:4
[14-Oct-2016 15:47:24 UTC] PHP   3. Symfony\Component\Console\Application->run() /Library/WebServer/Documents/money/vendor/propel/propel/bin/propel.php:30
[14-Oct-2016 15:47:24 UTC] PHP   4. Propel\Generator\Application->doRun() /Library/WebServer/Documents/money/vendor/symfony/console/Application.php:118
[14-Oct-2016 15:47:24 UTC] PHP   5. Symfony\Component\Console\Application->doRun() /Library/WebServer/Documents/money/vendor/propel/propel/src/Propel/Generator/Application.php:17
[14-Oct-2016 15:47:24 UTC] PHP   6. Symfony\Component\Console\Application->doRunCommand() /Library/WebServer/Documents/money/vendor/symfony/console/Application.php:187
[14-Oct-2016 15:47:24 UTC] PHP   7. Symfony\Component\Console\Command\Command->run() /Library/WebServer/Documents/money/vendor/symfony/console/Application.php:820
[14-Oct-2016 15:47:24 UTC] PHP   8. Propel\Generator\Command\MigrationMigrateCommand->execute() /Library/WebServer/Documents/money/vendor/symfony/console/Command/Command.php:256
[14-Oct-2016 15:47:24 UTC] PHP   9. Propel\Generator\Manager\MigrationManager->getMigrationObject() /Library/WebServer/Documents/money/vendor/propel/propel/src/Propel/Generator/Command/MigrationMigrateCommand.php:105
[14-Oct-2016 15:47:24 UTC] PHP  10. require_once() /Library/WebServer/Documents/money/vendor/propel/propel/src/Propel/Generator/Manager/MigrationManager.php:307
[14-Oct-2016 15:47:24 UTC] PHP Fatal error:  require_once(): Failed opening required '../vendor/autoload.php' (include_path='.:/usr/local/pear/share/pear') in /Library/WebServer/Documents/money/generated-migrations/PropelMigration_1476458406.php on line 3
[14-Oct-2016 15:47:24 UTC] PHP Stack trace:
[14-Oct-2016 15:47:24 UTC] PHP   1. {main}() /Library/WebServer/Documents/money/vendor/propel/propel/bin/propel:0
[14-Oct-2016 15:47:24 UTC] PHP   2. require() /Library/WebServer/Documents/money/vendor/propel/propel/bin/propel:4
[14-Oct-2016 15:47:24 UTC] PHP   3. Symfony\Component\Console\Application->run() /Library/WebServer/Documents/money/vendor/propel/propel/bin/propel.php:30
[14-Oct-2016 15:47:24 UTC] PHP   4. Propel\Generator\Application->doRun() /Library/WebServer/Documents/money/vendor/symfony/console/Application.php:118
[14-Oct-2016 15:47:24 UTC] PHP   5. Symfony\Component\Console\Application->doRun() /Library/WebServer/Documents/money/vendor/propel/propel/src/Propel/Generator/Application.php:17
[14-Oct-2016 15:47:24 UTC] PHP   6. Symfony\Component\Console\Application->doRunCommand() /Library/WebServer/Documents/money/vendor/symfony/console/Application.php:187
[14-Oct-2016 15:47:24 UTC] PHP   7. Symfony\Component\Console\Command\Command->run() /Library/WebServer/Documents/money/vendor/symfony/console/Application.php:820
[14-Oct-2016 15:47:24 UTC] PHP   8. Propel\Generator\Command\MigrationMigrateCommand->execute() /Library/WebServer/Documents/money/vendor/symfony/console/Command/Command.php:256
[14-Oct-2016 15:47:24 UTC] PHP   9. Propel\Generator\Manager\MigrationManager->getMigrationObject() /Library/WebServer/Documents/money/vendor/propel/propel/src/Propel/Generator/Command/MigrationMigrateCommand.php:105
[14-Oct-2016 15:47:24 UTC] PHP  10. require_once() /Library/WebServer/Documents/money/vendor/propel/propel/src/Propel/Generator/Manager/MigrationManager.php:307
[14-Oct-2016 15:48:39 UTC] PHP Warning:  require_once(../vendor/autoload.php): failed to open stream: No such file or directory in /Library/WebServer/Documents/money/generated-migrations/PropelMigration_1476458406.php on line 3
[14-Oct-2016 15:48:39 UTC] PHP Stack trace:
[14-Oct-2016 15:48:39 UTC] PHP   1. {main}() /Library/WebServer/Documents/money/vendor/propel/propel/bin/propel:0
[14-Oct-2016 15:48:39 UTC] PHP   2. require() /Library/WebServer/Documents/money/vendor/propel/propel/bin/propel:4
[14-Oct-2016 15:48:39 UTC] PHP   3. Symfony\Component\Console\Application->run() /Library/WebServer/Documents/money/vendor/propel/propel/bin/propel.php:30
[14-Oct-2016 15:48:39 UTC] PHP   4. Propel\Generator\Application->doRun() /Library/WebServer/Documents/money/vendor/symfony/console/Application.php:118
[14-Oct-2016 15:48:39 UTC] PHP   5. Symfony\Component\Console\Application->doRun() /Library/WebServer/Documents/money/vendor/propel/propel/src/Propel/Generator/Application.php:17
[14-Oct-2016 15:48:39 UTC] PHP   6. Symfony\Component\Console\Application->doRunCommand() /Library/WebServer/Documents/money/vendor/symfony/console/Application.php:187
[14-Oct-2016 15:48:39 UTC] PHP   7. Symfony\Component\Console\Command\Command->run() /Library/WebServer/Documents/money/vendor/symfony/console/Application.php:820
[14-Oct-2016 15:48:39 UTC] PHP   8. Propel\Generator\Command\MigrationMigrateCommand->execute() /Library/WebServer/Documents/money/vendor/symfony/console/Command/Command.php:256
[14-Oct-2016 15:48:39 UTC] PHP   9. Propel\Generator\Manager\MigrationManager->getMigrationObject() /Library/WebServer/Documents/money/vendor/propel/propel/src/Propel/Generator/Command/MigrationMigrateCommand.php:105
[14-Oct-2016 15:48:39 UTC] PHP  10. require_once() /Library/WebServer/Documents/money/vendor/propel/propel/src/Propel/Generator/Manager/MigrationManager.php:307
[14-Oct-2016 15:48:39 UTC] PHP Fatal error:  require_once(): Failed opening required '../vendor/autoload.php' (include_path='.:/usr/local/pear/share/pear') in /Library/WebServer/Documents/money/generated-migrations/PropelMigration_1476458406.php on line 3
[14-Oct-2016 15:48:39 UTC] PHP Stack trace:
[14-Oct-2016 15:48:39 UTC] PHP   1. {main}() /Library/WebServer/Documents/money/vendor/propel/propel/bin/propel:0
[14-Oct-2016 15:48:39 UTC] PHP   2. require() /Library/WebServer/Documents/money/vendor/propel/propel/bin/propel:4
[14-Oct-2016 15:48:39 UTC] PHP   3. Symfony\Component\Console\Application->run() /Library/WebServer/Documents/money/vendor/propel/propel/bin/propel.php:30
[14-Oct-2016 15:48:39 UTC] PHP   4. Propel\Generator\Application->doRun() /Library/WebServer/Documents/money/vendor/symfony/console/Application.php:118
[14-Oct-2016 15:48:39 UTC] PHP   5. Symfony\Component\Console\Application->doRun() /Library/WebServer/Documents/money/vendor/propel/propel/src/Propel/Generator/Application.php:17
[14-Oct-2016 15:48:39 UTC] PHP   6. Symfony\Component\Console\Application->doRunCommand() /Library/WebServer/Documents/money/vendor/symfony/console/Application.php:187
[14-Oct-2016 15:48:39 UTC] PHP   7. Symfony\Component\Console\Command\Command->run() /Library/WebServer/Documents/money/vendor/symfony/console/Application.php:820
[14-Oct-2016 15:48:39 UTC] PHP   8. Propel\Generator\Command\MigrationMigrateCommand->execute() /Library/WebServer/Documents/money/vendor/symfony/console/Command/Command.php:256
[14-Oct-2016 15:48:39 UTC] PHP   9. Propel\Generator\Manager\MigrationManager->getMigrationObject() /Library/WebServer/Documents/money/vendor/propel/propel/src/Propel/Generator/Command/MigrationMigrateCommand.php:105
[14-Oct-2016 15:48:39 UTC] PHP  10. require_once() /Library/WebServer/Documents/money/vendor/propel/propel/src/Propel/Generator/Manager/MigrationManager.php:307
[14-Oct-2016 15:50:21 UTC] PHP Warning:  require_once(/../vendor/autoload.php): failed to open stream: No such file or directory in /Library/WebServer/Documents/money/generated-migrations/PropelMigration_1476458406.php on line 3
[14-Oct-2016 15:50:21 UTC] PHP Stack trace:
[14-Oct-2016 15:50:21 UTC] PHP   1. {main}() /Library/WebServer/Documents/money/vendor/propel/propel/bin/propel:0
[14-Oct-2016 15:50:21 UTC] PHP   2. require() /Library/WebServer/Documents/money/vendor/propel/propel/bin/propel:4
[14-Oct-2016 15:50:21 UTC] PHP   3. Symfony\Component\Console\Application->run() /Library/WebServer/Documents/money/vendor/propel/propel/bin/propel.php:30
[14-Oct-2016 15:50:21 UTC] PHP   4. Propel\Generator\Application->doRun() /Library/WebServer/Documents/money/vendor/symfony/console/Application.php:118
[14-Oct-2016 15:50:21 UTC] PHP   5. Symfony\Component\Console\Application->doRun() /Library/WebServer/Documents/money/vendor/propel/propel/src/Propel/Generator/Application.php:17
[14-Oct-2016 15:50:21 UTC] PHP   6. Symfony\Component\Console\Application->doRunCommand() /Library/WebServer/Documents/money/vendor/symfony/console/Application.php:187
[14-Oct-2016 15:50:21 UTC] PHP   7. Symfony\Component\Console\Command\Command->run() /Library/WebServer/Documents/money/vendor/symfony/console/Application.php:820
[14-Oct-2016 15:50:21 UTC] PHP   8. Propel\Generator\Command\MigrationMigrateCommand->execute() /Library/WebServer/Documents/money/vendor/symfony/console/Command/Command.php:256
[14-Oct-2016 15:50:21 UTC] PHP   9. Propel\Generator\Manager\MigrationManager->getMigrationObject() /Library/WebServer/Documents/money/vendor/propel/propel/src/Propel/Generator/Command/MigrationMigrateCommand.php:105
[14-Oct-2016 15:50:21 UTC] PHP  10. require_once() /Library/WebServer/Documents/money/vendor/propel/propel/src/Propel/Generator/Manager/MigrationManager.php:307
[14-Oct-2016 15:50:21 UTC] PHP Fatal error:  require_once(): Failed opening required '/../vendor/autoload.php' (include_path='.:/usr/local/pear/share/pear') in /Library/WebServer/Documents/money/generated-migrations/PropelMigration_1476458406.php on line 3
[14-Oct-2016 15:50:21 UTC] PHP Stack trace:
[14-Oct-2016 15:50:21 UTC] PHP   1. {main}() /Library/WebServer/Documents/money/vendor/propel/propel/bin/propel:0
[14-Oct-2016 15:50:21 UTC] PHP   2. require() /Library/WebServer/Documents/money/vendor/propel/propel/bin/propel:4
[14-Oct-2016 15:50:21 UTC] PHP   3. Symfony\Component\Console\Application->run() /Library/WebServer/Documents/money/vendor/propel/propel/bin/propel.php:30
[14-Oct-2016 15:50:21 UTC] PHP   4. Propel\Generator\Application->doRun() /Library/WebServer/Documents/money/vendor/symfony/console/Application.php:118
[14-Oct-2016 15:50:21 UTC] PHP   5. Symfony\Component\Console\Application->doRun() /Library/WebServer/Documents/money/vendor/propel/propel/src/Propel/Generator/Application.php:17
[14-Oct-2016 15:50:21 UTC] PHP   6. Symfony\Component\Console\Application->doRunCommand() /Library/WebServer/Documents/money/vendor/symfony/console/Application.php:187
[14-Oct-2016 15:50:21 UTC] PHP   7. Symfony\Component\Console\Command\Command->run() /Library/WebServer/Documents/money/vendor/symfony/console/Application.php:820
[14-Oct-2016 15:50:21 UTC] PHP   8. Propel\Generator\Command\MigrationMigrateCommand->execute() /Library/WebServer/Documents/money/vendor/symfony/console/Command/Command.php:256
[14-Oct-2016 15:50:21 UTC] PHP   9. Propel\Generator\Manager\MigrationManager->getMigrationObject() /Library/WebServer/Documents/money/vendor/propel/propel/src/Propel/Generator/Command/MigrationMigrateCommand.php:105
[14-Oct-2016 15:50:21 UTC] PHP  10. require_once() /Library/WebServer/Documents/money/vendor/propel/propel/src/Propel/Generator/Manager/MigrationManager.php:307
[14-Oct-2016 15:51:41 UTC] PHP Warning:  require_once(/vendor/autoload.php): failed to open stream: No such file or directory in /Library/WebServer/Documents/money/generated-migrations/PropelMigration_1476458406.php on line 3
[14-Oct-2016 15:51:41 UTC] PHP Stack trace:
[14-Oct-2016 15:51:41 UTC] PHP   1. {main}() /Library/WebServer/Documents/money/vendor/propel/propel/bin/propel:0
[14-Oct-2016 15:51:41 UTC] PHP   2. require() /Library/WebServer/Documents/money/vendor/propel/propel/bin/propel:4
[14-Oct-2016 15:51:41 UTC] PHP   3. Symfony\Component\Console\Application->run() /Library/WebServer/Documents/money/vendor/propel/propel/bin/propel.php:30
[14-Oct-2016 15:51:41 UTC] PHP   4. Propel\Generator\Application->doRun() /Library/WebServer/Documents/money/vendor/symfony/console/Application.php:118
[14-Oct-2016 15:51:41 UTC] PHP   5. Symfony\Component\Console\Application->doRun() /Library/WebServer/Documents/money/vendor/propel/propel/src/Propel/Generator/Application.php:17
[14-Oct-2016 15:51:41 UTC] PHP   6. Symfony\Component\Console\Application->doRunCommand() /Library/WebServer/Documents/money/vendor/symfony/console/Application.php:187
[14-Oct-2016 15:51:41 UTC] PHP   7. Symfony\Component\Console\Command\Command->run() /Library/WebServer/Documents/money/vendor/symfony/console/Application.php:820
[14-Oct-2016 15:51:41 UTC] PHP   8. Propel\Generator\Command\MigrationMigrateCommand->execute() /Library/WebServer/Documents/money/vendor/symfony/console/Command/Command.php:256
[14-Oct-2016 15:51:41 UTC] PHP   9. Propel\Generator\Manager\MigrationManager->getMigrationObject() /Library/WebServer/Documents/money/vendor/propel/propel/src/Propel/Generator/Command/MigrationMigrateCommand.php:105
[14-Oct-2016 15:51:41 UTC] PHP  10. require_once() /Library/WebServer/Documents/money/vendor/propel/propel/src/Propel/Generator/Manager/MigrationManager.php:307
[14-Oct-2016 15:51:41 UTC] PHP Fatal error:  require_once(): Failed opening required '/vendor/autoload.php' (include_path='.:/usr/local/pear/share/pear') in /Library/WebServer/Documents/money/generated-migrations/PropelMigration_1476458406.php on line 3
[14-Oct-2016 15:51:41 UTC] PHP Stack trace:
[14-Oct-2016 15:51:41 UTC] PHP   1. {main}() /Library/WebServer/Documents/money/vendor/propel/propel/bin/propel:0
[14-Oct-2016 15:51:41 UTC] PHP   2. require() /Library/WebServer/Documents/money/vendor/propel/propel/bin/propel:4
[14-Oct-2016 15:51:41 UTC] PHP   3. Symfony\Component\Console\Application->run() /Library/WebServer/Documents/money/vendor/propel/propel/bin/propel.php:30
[14-Oct-2016 15:51:41 UTC] PHP   4. Propel\Generator\Application->doRun() /Library/WebServer/Documents/money/vendor/symfony/console/Application.php:118
[14-Oct-2016 15:51:41 UTC] PHP   5. Symfony\Component\Console\Application->doRun() /Library/WebServer/Documents/money/vendor/propel/propel/src/Propel/Generator/Application.php:17
[14-Oct-2016 15:51:41 UTC] PHP   6. Symfony\Component\Console\Application->doRunCommand() /Library/WebServer/Documents/money/vendor/symfony/console/Application.php:187
[14-Oct-2016 15:51:41 UTC] PHP   7. Symfony\Component\Console\Command\Command->run() /Library/WebServer/Documents/money/vendor/symfony/console/Application.php:820
[14-Oct-2016 15:51:41 UTC] PHP   8. Propel\Generator\Command\MigrationMigrateCommand->execute() /Library/WebServer/Documents/money/vendor/symfony/console/Command/Command.php:256
[14-Oct-2016 15:51:41 UTC] PHP   9. Propel\Generator\Manager\MigrationManager->getMigrationObject() /Library/WebServer/Documents/money/vendor/propel/propel/src/Propel/Generator/Command/MigrationMigrateCommand.php:105
[14-Oct-2016 15:51:41 UTC] PHP  10. require_once() /Library/WebServer/Documents/money/vendor/propel/propel/src/Propel/Generator/Manager/MigrationManager.php:307
[14-Oct-2016 15:52:21 UTC] PHP Warning:  require_once(../vendor/autoload.php): failed to open stream: No such file or directory in /Library/WebServer/Documents/money/generated-migrations/PropelMigration_1476458406.php on line 3
[14-Oct-2016 15:52:21 UTC] PHP Stack trace:
[14-Oct-2016 15:52:21 UTC] PHP   1. {main}() /Library/WebServer/Documents/money/vendor/propel/propel/bin/propel:0
[14-Oct-2016 15:52:21 UTC] PHP   2. require() /Library/WebServer/Documents/money/vendor/propel/propel/bin/propel:4
[14-Oct-2016 15:52:21 UTC] PHP   3. Symfony\Component\Console\Application->run() /Library/WebServer/Documents/money/vendor/propel/propel/bin/propel.php:30
[14-Oct-2016 15:52:21 UTC] PHP   4. Propel\Generator\Application->doRun() /Library/WebServer/Documents/money/vendor/symfony/console/Application.php:118
[14-Oct-2016 15:52:21 UTC] PHP   5. Symfony\Component\Console\Application->doRun() /Library/WebServer/Documents/money/vendor/propel/propel/src/Propel/Generator/Application.php:17
[14-Oct-2016 15:52:21 UTC] PHP   6. Symfony\Component\Console\Application->doRunCommand() /Library/WebServer/Documents/money/vendor/symfony/console/Application.php:187
[14-Oct-2016 15:52:21 UTC] PHP   7. Symfony\Component\Console\Command\Command->run() /Library/WebServer/Documents/money/vendor/symfony/console/Application.php:820
[14-Oct-2016 15:52:21 UTC] PHP   8. Propel\Generator\Command\MigrationMigrateCommand->execute() /Library/WebServer/Documents/money/vendor/symfony/console/Command/Command.php:256
[14-Oct-2016 15:52:21 UTC] PHP   9. Propel\Generator\Manager\MigrationManager->getMigrationObject() /Library/WebServer/Documents/money/vendor/propel/propel/src/Propel/Generator/Command/MigrationMigrateCommand.php:105
[14-Oct-2016 15:52:21 UTC] PHP  10. require_once() /Library/WebServer/Documents/money/vendor/propel/propel/src/Propel/Generator/Manager/MigrationManager.php:307
[14-Oct-2016 15:52:21 UTC] PHP Fatal error:  require_once(): Failed opening required '../vendor/autoload.php' (include_path='.:/usr/local/pear/share/pear') in /Library/WebServer/Documents/money/generated-migrations/PropelMigration_1476458406.php on line 3
[14-Oct-2016 15:52:21 UTC] PHP Stack trace:
[14-Oct-2016 15:52:21 UTC] PHP   1. {main}() /Library/WebServer/Documents/money/vendor/propel/propel/bin/propel:0
[14-Oct-2016 15:52:21 UTC] PHP   2. require() /Library/WebServer/Documents/money/vendor/propel/propel/bin/propel:4
[14-Oct-2016 15:52:21 UTC] PHP   3. Symfony\Component\Console\Application->run() /Library/WebServer/Documents/money/vendor/propel/propel/bin/propel.php:30
[14-Oct-2016 15:52:21 UTC] PHP   4. Propel\Generator\Application->doRun() /Library/WebServer/Documents/money/vendor/symfony/console/Application.php:118
[14-Oct-2016 15:52:21 UTC] PHP   5. Symfony\Component\Console\Application->doRun() /Library/WebServer/Documents/money/vendor/propel/propel/src/Propel/Generator/Application.php:17
[14-Oct-2016 15:52:21 UTC] PHP   6. Symfony\Component\Console\Application->doRunCommand() /Library/WebServer/Documents/money/vendor/symfony/console/Application.php:187
[14-Oct-2016 15:52:21 UTC] PHP   7. Symfony\Component\Console\Command\Command->run() /Library/WebServer/Documents/money/vendor/symfony/console/Application.php:820
[14-Oct-2016 15:52:21 UTC] PHP   8. Propel\Generator\Command\MigrationMigrateCommand->execute() /Library/WebServer/Documents/money/vendor/symfony/console/Command/Command.php:256
[14-Oct-2016 15:52:21 UTC] PHP   9. Propel\Generator\Manager\MigrationManager->getMigrationObject() /Library/WebServer/Documents/money/vendor/propel/propel/src/Propel/Generator/Command/MigrationMigrateCommand.php:105
[14-Oct-2016 15:52:21 UTC] PHP  10. require_once() /Library/WebServer/Documents/money/vendor/propel/propel/src/Propel/Generator/Manager/MigrationManager.php:307
[14-Oct-2016 15:52:47 UTC] PHP Warning:  require_once(../vendor/autoload.php): failed to open stream: No such file or directory in /Library/WebServer/Documents/money/generated-migrations/PropelMigration_1476458406.php on line 3
[14-Oct-2016 15:52:47 UTC] PHP Stack trace:
[14-Oct-2016 15:52:47 UTC] PHP   1. {main}() /Library/WebServer/Documents/money/vendor/propel/propel/bin/propel:0
[14-Oct-2016 15:52:47 UTC] PHP   2. require() /Library/WebServer/Documents/money/vendor/propel/propel/bin/propel:4
[14-Oct-2016 15:52:47 UTC] PHP   3. Symfony\Component\Console\Application->run() /Library/WebServer/Documents/money/vendor/propel/propel/bin/propel.php:30
[14-Oct-2016 15:52:47 UTC] PHP   4. Propel\Generator\Application->doRun() /Library/WebServer/Documents/money/vendor/symfony/console/Application.php:118
[14-Oct-2016 15:52:47 UTC] PHP   5. Symfony\Component\Console\Application->doRun() /Library/WebServer/Documents/money/vendor/propel/propel/src/Propel/Generator/Application.php:17
[14-Oct-2016 15:52:47 UTC] PHP   6. Symfony\Component\Console\Application->doRunCommand() /Library/WebServer/Documents/money/vendor/symfony/console/Application.php:187
[14-Oct-2016 15:52:47 UTC] PHP   7. Symfony\Component\Console\Command\Command->run() /Library/WebServer/Documents/money/vendor/symfony/console/Application.php:820
[14-Oct-2016 15:52:47 UTC] PHP   8. Propel\Generator\Command\MigrationMigrateCommand->execute() /Library/WebServer/Documents/money/vendor/symfony/console/Command/Command.php:256
[14-Oct-2016 15:52:47 UTC] PHP   9. Propel\Generator\Manager\MigrationManager->getMigrationObject() /Library/WebServer/Documents/money/vendor/propel/propel/src/Propel/Generator/Command/MigrationMigrateCommand.php:105
[14-Oct-2016 15:52:47 UTC] PHP  10. require_once() /Library/WebServer/Documents/money/vendor/propel/propel/src/Propel/Generator/Manager/MigrationManager.php:307
[14-Oct-2016 15:52:47 UTC] PHP Fatal error:  require_once(): Failed opening required '../vendor/autoload.php' (include_path='.:/usr/local/pear/share/pear') in /Library/WebServer/Documents/money/generated-migrations/PropelMigration_1476458406.php on line 3
[14-Oct-2016 15:52:47 UTC] PHP Stack trace:
[14-Oct-2016 15:52:47 UTC] PHP   1. {main}() /Library/WebServer/Documents/money/vendor/propel/propel/bin/propel:0
[14-Oct-2016 15:52:47 UTC] PHP   2. require() /Library/WebServer/Documents/money/vendor/propel/propel/bin/propel:4
[14-Oct-2016 15:52:47 UTC] PHP   3. Symfony\Component\Console\Application->run() /Library/WebServer/Documents/money/vendor/propel/propel/bin/propel.php:30
[14-Oct-2016 15:52:47 UTC] PHP   4. Propel\Generator\Application->doRun() /Library/WebServer/Documents/money/vendor/symfony/console/Application.php:118
[14-Oct-2016 15:52:47 UTC] PHP   5. Symfony\Component\Console\Application->doRun() /Library/WebServer/Documents/money/vendor/propel/propel/src/Propel/Generator/Application.php:17
[14-Oct-2016 15:52:47 UTC] PHP   6. Symfony\Component\Console\Application->doRunCommand() /Library/WebServer/Documents/money/vendor/symfony/console/Application.php:187
[14-Oct-2016 15:52:47 UTC] PHP   7. Symfony\Component\Console\Command\Command->run() /Library/WebServer/Documents/money/vendor/symfony/console/Application.php:820
[14-Oct-2016 15:52:47 UTC] PHP   8. Propel\Generator\Command\MigrationMigrateCommand->execute() /Library/WebServer/Documents/money/vendor/symfony/console/Command/Command.php:256
[14-Oct-2016 15:52:47 UTC] PHP   9. Propel\Generator\Manager\MigrationManager->getMigrationObject() /Library/WebServer/Documents/money/vendor/propel/propel/src/Propel/Generator/Command/MigrationMigrateCommand.php:105
[14-Oct-2016 15:52:47 UTC] PHP  10. require_once() /Library/WebServer/Documents/money/vendor/propel/propel/src/Propel/Generator/Manager/MigrationManager.php:307
[14-Oct-2016 15:55:07 UTC] PHP Warning:  date(): It is not safe to rely on the system's timezone settings. You are *required* to use the date.timezone setting or the date_default_timezone_set() function. In case you used any of those methods and you are still getting this warning, you most likely misspelled the timezone identifier. We selected the timezone 'UTC' for now, but please set date.timezone to select your timezone. in /Library/WebServer/Documents/money/vendor/propel/propel/src/Propel/Generator/Manager/MigrationManager.php on line 314
[14-Oct-2016 15:55:07 UTC] PHP Stack trace:
[14-Oct-2016 15:55:07 UTC] PHP   1. {main}() /Library/WebServer/Documents/money/vendor/propel/propel/bin/propel:0
[14-Oct-2016 15:55:07 UTC] PHP   2. require() /Library/WebServer/Documents/money/vendor/propel/propel/bin/propel:4
[14-Oct-2016 15:55:07 UTC] PHP   3. Symfony\Component\Console\Application->run() /Library/WebServer/Documents/money/vendor/propel/propel/bin/propel.php:30
[14-Oct-2016 15:55:07 UTC] PHP   4. Propel\Generator\Application->doRun() /Library/WebServer/Documents/money/vendor/symfony/console/Application.php:118
[14-Oct-2016 15:55:07 UTC] PHP   5. Symfony\Component\Console\Application->doRun() /Library/WebServer/Documents/money/vendor/propel/propel/src/Propel/Generator/Application.php:17
[14-Oct-2016 15:55:07 UTC] PHP   6. Symfony\Component\Console\Application->doRunCommand() /Library/WebServer/Documents/money/vendor/symfony/console/Application.php:187
[14-Oct-2016 15:55:07 UTC] PHP   7. Symfony\Component\Console\Command\Command->run() /Library/WebServer/Documents/money/vendor/symfony/console/Application.php:820
[14-Oct-2016 15:55:07 UTC] PHP   8. Propel\Generator\Command\MigrationDiffCommand->execute() /Library/WebServer/Documents/money/vendor/symfony/console/Command/Command.php:256
[14-Oct-2016 15:55:07 UTC] PHP   9. Propel\Generator\Manager\MigrationManager->getMigrationClassBody() /Library/WebServer/Documents/money/vendor/propel/propel/src/Propel/Generator/Command/MigrationDiffCommand.php:220
[14-Oct-2016 15:55:07 UTC] PHP  10. date() /Library/WebServer/Documents/money/vendor/propel/propel/src/Propel/Generator/Manager/MigrationManager.php:314
